<?xml version="1.0" encoding="UTF-8"?>
<!-- Generated by org.testng.reporters.JUnitReportReporter -->
<testsuite hostname="DESKTOP-B2UQ05A" failures="0" tests="2" name="UpStream" time="0.020" errors="0" timestamp="2022-07-23T19:34:50 IST" skipped="0">
  <testcase classname="UpStream" name="edit" time="0.004"/>
  <system-out/>
  <testcase classname="UpStream" name="delete" time="0.016"/>
  <system-out/>
</testsuite> <!-- UpStream -->
