<?xml version="1.0" encoding="UTF-8"?>
<!-- Generated by org.testng.reporters.JUnitReportReporter -->
<testsuite hostname="DESKTOP-B2UQ05A" failures="0" tests="2" name="DownStream" time="0.011" errors="0" timestamp="2022-07-23T19:35:10 IST" skipped="0">
  <testcase classname="DownStream" name="create" time="0.009"/>
  <system-out/>
  <testcase classname="DownStream" name="delete" time="0.002"/>
  <system-out/>
</testsuite> <!-- DownStream -->
